  [1m[35m (0.1ms)[0m  [1m[34mSELECT sqlite_version(*)[0m
  [1m[35m (6.2ms)[0m  [1m[35mCREATE TABLE "schema_migrations" ("version" varchar NOT NULL PRIMARY KEY)[0m
  [1m[35m (6.5ms)[0m  [1m[35mCREATE TABLE "ar_internal_metadata" ("key" varchar NOT NULL PRIMARY KEY, "value" varchar, "created_at" datetime NOT NULL, "updated_at" datetime NOT NULL)[0m
  [1m[35m (0.1ms)[0m  [1m[34mSELECT "schema_migrations"."version" FROM "schema_migrations" ORDER BY "schema_migrations"."version" ASC[0m
Migrating to DeviseCreateUsers (20180523130207)
  [1m[35m (0.1ms)[0m  [1m[36mbegin transaction[0m
  [1m[35m (0.4ms)[0m  [1m[35mCREATE TABLE "users" ("id" INTEGER PRIMARY KEY AUTOINCREMENT NOT NULL, "email" varchar DEFAULT '' NOT NULL, "encrypted_password" varchar DEFAULT '' NOT NULL, "reset_password_token" varchar, "reset_password_sent_at" datetime, "remember_created_at" datetime, "sign_in_count" integer DEFAULT 0 NOT NULL, "current_sign_in_at" datetime, "last_sign_in_at" datetime, "current_sign_in_ip" varchar, "last_sign_in_ip" varchar, "created_at" datetime NOT NULL, "updated_at" datetime NOT NULL)[0m
  [1m[35m (0.2ms)[0m  [1m[35mCREATE UNIQUE INDEX "index_users_on_email" ON "users" ("email")[0m
  [1m[35m (0.1ms)[0m  [1m[34m            SELECT sql
            FROM sqlite_master
            WHERE name='index_users_on_email' AND type='index'
            UNION ALL
            SELECT sql
            FROM sqlite_temp_master
            WHERE name='index_users_on_email' AND type='index'
[0m
  [1m[35m (0.2ms)[0m  [1m[35mCREATE UNIQUE INDEX "index_users_on_reset_password_token" ON "users" ("reset_password_token")[0m
  [1m[35mSQL (0.1ms)[0m  [1m[32mINSERT INTO "schema_migrations" ("version") VALUES (?)[0m  [["version", "20180523130207"]]
  [1m[35m (15.6ms)[0m  [1m[36mcommit transaction[0m
  [1m[36mActiveRecord::InternalMetadata Load (0.3ms)[0m  [1m[34mSELECT  "ar_internal_metadata".* FROM "ar_internal_metadata" WHERE "ar_internal_metadata"."key" = ? LIMIT ?[0m  [["key", "environment"], ["LIMIT", 1]]
  [1m[35m (0.1ms)[0m  [1m[36mbegin transaction[0m
  [1m[35mSQL (0.5ms)[0m  [1m[32mINSERT INTO "ar_internal_metadata" ("key", "value", "created_at", "updated_at") VALUES (?, ?, ?, ?)[0m  [["key", "environment"], ["value", "development"], ["created_at", "2018-05-23 13:02:12.201217"], ["updated_at", "2018-05-23 13:02:12.201217"]]
  [1m[35m (5.1ms)[0m  [1m[36mcommit transaction[0m
  [1m[35m (0.2ms)[0m  [1m[34mSELECT "schema_migrations"."version" FROM "schema_migrations" ORDER BY "schema_migrations"."version" ASC[0m
  [1m[35m (0.2ms)[0m  [1m[34m            SELECT sql
            FROM sqlite_master
            WHERE name='index_users_on_reset_password_token' AND type='index'
            UNION ALL
            SELECT sql
            FROM sqlite_temp_master
            WHERE name='index_users_on_reset_password_token' AND type='index'
[0m
  [1m[35m (0.2ms)[0m  [1m[34m            SELECT sql
            FROM sqlite_master
            WHERE name='index_users_on_email' AND type='index'
            UNION ALL
            SELECT sql
            FROM sqlite_temp_master
            WHERE name='index_users_on_email' AND type='index'
[0m
Started GET "/users/sign_up" for 127.0.0.1 at 2018-05-23 08:02:27 -0500
  [1m[35m (0.2ms)[0m  [1m[34mSELECT "schema_migrations"."version" FROM "schema_migrations" ORDER BY "schema_migrations"."version" ASC[0m
Processing by Devise::RegistrationsController#new as HTML
  Rendering /home/mmoroney/.rbenv/versions/2.3.3/lib/ruby/gems/2.3.0/gems/devise-4.4.3/app/views/devise/registrations/new.html.erb within layouts/application
  Rendered /home/mmoroney/.rbenv/versions/2.3.3/lib/ruby/gems/2.3.0/gems/devise-4.4.3/app/views/devise/shared/_links.html.erb (2.4ms)
  Rendered /home/mmoroney/.rbenv/versions/2.3.3/lib/ruby/gems/2.3.0/gems/devise-4.4.3/app/views/devise/registrations/new.html.erb within layouts/application (53.5ms)
Completed 200 OK in 263ms (Views: 236.0ms | ActiveRecord: 0.6ms)


Started GET "/" for 127.0.0.1 at 2018-05-23 08:02:37 -0500
Processing by Rails::WelcomeController#index as HTML
  Rendering /home/mmoroney/.rbenv/versions/2.3.3/lib/ruby/gems/2.3.0/gems/railties-5.1.6/lib/rails/templates/rails/welcome/index.html.erb
  Rendered /home/mmoroney/.rbenv/versions/2.3.3/lib/ruby/gems/2.3.0/gems/railties-5.1.6/lib/rails/templates/rails/welcome/index.html.erb (11.2ms)
Completed 200 OK in 21ms (Views: 16.0ms | ActiveRecord: 0.0ms)


Started GET "/" for 127.0.0.1 at 2018-05-23 08:04:08 -0500
Processing by Rails::WelcomeController#index as HTML
  Rendering /home/mmoroney/.rbenv/versions/2.3.3/lib/ruby/gems/2.3.0/gems/railties-5.1.6/lib/rails/templates/rails/welcome/index.html.erb
  Rendered /home/mmoroney/.rbenv/versions/2.3.3/lib/ruby/gems/2.3.0/gems/railties-5.1.6/lib/rails/templates/rails/welcome/index.html.erb (22.3ms)
Completed 200 OK in 24ms (Views: 23.1ms)


Started GET "/" for 127.0.0.1 at 2018-05-23 08:04:18 -0500
Processing by Rails::WelcomeController#index as HTML
  Rendering /home/mmoroney/.rbenv/versions/2.3.3/lib/ruby/gems/2.3.0/gems/railties-5.1.6/lib/rails/templates/rails/welcome/index.html.erb
  Rendered /home/mmoroney/.rbenv/versions/2.3.3/lib/ruby/gems/2.3.0/gems/railties-5.1.6/lib/rails/templates/rails/welcome/index.html.erb (3.1ms)
Completed 200 OK in 7ms (Views: 5.2ms)


Started GET "/" for 127.0.0.1 at 2018-05-23 08:06:38 -0500
Processing by Rails::WelcomeController#index as HTML
  Rendering /home/mmoroney/.rbenv/versions/2.3.3/lib/ruby/gems/2.3.0/gems/railties-5.1.6/lib/rails/templates/rails/welcome/index.html.erb
  Rendered /home/mmoroney/.rbenv/versions/2.3.3/lib/ruby/gems/2.3.0/gems/railties-5.1.6/lib/rails/templates/rails/welcome/index.html.erb (2.5ms)
Completed 200 OK in 5ms (Views: 4.0ms)


Started GET "/" for 127.0.0.1 at 2018-05-23 08:06:49 -0500
  
ActionController::RoutingError (undefined local variable or method `index_controller' for main:Object):
  
app/controllers/index_controller.rb:1:in `<top (required)>'
Started GET "/" for 127.0.0.1 at 2018-05-23 08:08:03 -0500
Processing by IndexController#index as HTML
Completed 401 Unauthorized in 4ms


Started GET "/users/sign_in" for 127.0.0.1 at 2018-05-23 08:08:03 -0500
Processing by Devise::SessionsController#new as HTML
  Rendering /home/mmoroney/.rbenv/versions/2.3.3/lib/ruby/gems/2.3.0/gems/devise-4.4.3/app/views/devise/sessions/new.html.erb within layouts/application
  Rendered /home/mmoroney/.rbenv/versions/2.3.3/lib/ruby/gems/2.3.0/gems/devise-4.4.3/app/views/devise/shared/_links.html.erb (2.7ms)
  Rendered /home/mmoroney/.rbenv/versions/2.3.3/lib/ruby/gems/2.3.0/gems/devise-4.4.3/app/views/devise/sessions/new.html.erb within layouts/application (15.5ms)
Completed 200 OK in 50ms (Views: 36.0ms | ActiveRecord: 0.8ms)


Started GET "/" for 127.0.0.1 at 2018-05-23 08:08:10 -0500
Processing by IndexController#index as HTML
Completed 401 Unauthorized in 2ms (ActiveRecord: 0.0ms)


Started GET "/users/sign_in" for 127.0.0.1 at 2018-05-23 08:08:10 -0500
Processing by Devise::SessionsController#new as HTML
  Rendering /home/mmoroney/.rbenv/versions/2.3.3/lib/ruby/gems/2.3.0/gems/devise-4.4.3/app/views/devise/sessions/new.html.erb within layouts/application
  Rendered /home/mmoroney/.rbenv/versions/2.3.3/lib/ruby/gems/2.3.0/gems/devise-4.4.3/app/views/devise/shared/_links.html.erb (0.8ms)
  Rendered /home/mmoroney/.rbenv/versions/2.3.3/lib/ruby/gems/2.3.0/gems/devise-4.4.3/app/views/devise/sessions/new.html.erb within layouts/application (5.5ms)
Completed 200 OK in 20ms (Views: 19.0ms | ActiveRecord: 0.0ms)


Started GET "/users/sign_in" for 127.0.0.1 at 2018-05-23 08:08:30 -0500
Processing by Devise::SessionsController#new as HTML
  Rendering /home/mmoroney/.rbenv/versions/2.3.3/lib/ruby/gems/2.3.0/gems/devise-4.4.3/app/views/devise/sessions/new.html.erb within layouts/application
  Rendered /home/mmoroney/.rbenv/versions/2.3.3/lib/ruby/gems/2.3.0/gems/devise-4.4.3/app/views/devise/shared/_links.html.erb (0.9ms)
  Rendered /home/mmoroney/.rbenv/versions/2.3.3/lib/ruby/gems/2.3.0/gems/devise-4.4.3/app/views/devise/sessions/new.html.erb within layouts/application (4.5ms)
Completed 200 OK in 28ms (Views: 17.2ms | ActiveRecord: 0.9ms)


Started GET "/users/sign_in" for 127.0.0.1 at 2018-05-23 08:08:33 -0500
Processing by Devise::SessionsController#new as HTML
  Rendering /home/mmoroney/.rbenv/versions/2.3.3/lib/ruby/gems/2.3.0/gems/devise-4.4.3/app/views/devise/sessions/new.html.erb within layouts/application
  Rendered /home/mmoroney/.rbenv/versions/2.3.3/lib/ruby/gems/2.3.0/gems/devise-4.4.3/app/views/devise/shared/_links.html.erb (4.3ms)
  Rendered /home/mmoroney/.rbenv/versions/2.3.3/lib/ruby/gems/2.3.0/gems/devise-4.4.3/app/views/devise/sessions/new.html.erb within layouts/application (16.6ms)
Completed 200 OK in 58ms (Views: 55.1ms | ActiveRecord: 0.0ms)


Started GET "/users/sign_in" for 127.0.0.1 at 2018-05-23 08:08:38 -0500
Processing by Devise::SessionsController#new as HTML
  Rendering /home/mmoroney/.rbenv/versions/2.3.3/lib/ruby/gems/2.3.0/gems/devise-4.4.3/app/views/devise/sessions/new.html.erb within layouts/application
  Rendered /home/mmoroney/.rbenv/versions/2.3.3/lib/ruby/gems/2.3.0/gems/devise-4.4.3/app/views/devise/shared/_links.html.erb (3.0ms)
  Rendered /home/mmoroney/.rbenv/versions/2.3.3/lib/ruby/gems/2.3.0/gems/devise-4.4.3/app/views/devise/sessions/new.html.erb within layouts/application (12.7ms)
Completed 200 OK in 40ms (Views: 37.4ms | ActiveRecord: 0.0ms)


Started GET "/users/sign_in" for 127.0.0.1 at 2018-05-23 08:08:41 -0500
Processing by Devise::SessionsController#new as HTML
  Rendering /home/mmoroney/.rbenv/versions/2.3.3/lib/ruby/gems/2.3.0/gems/devise-4.4.3/app/views/devise/sessions/new.html.erb within layouts/application
  Rendered /home/mmoroney/.rbenv/versions/2.3.3/lib/ruby/gems/2.3.0/gems/devise-4.4.3/app/views/devise/shared/_links.html.erb (2.9ms)
  Rendered /home/mmoroney/.rbenv/versions/2.3.3/lib/ruby/gems/2.3.0/gems/devise-4.4.3/app/views/devise/sessions/new.html.erb within layouts/application (14.1ms)
Completed 200 OK in 42ms (Views: 39.0ms | ActiveRecord: 0.0ms)


Started GET "/" for 127.0.0.1 at 2018-05-23 08:08:44 -0500
Processing by IndexController#index as HTML
Completed 401 Unauthorized in 3ms (ActiveRecord: 0.0ms)


Started GET "/users/sign_in" for 127.0.0.1 at 2018-05-23 08:08:44 -0500
Processing by Devise::SessionsController#new as HTML
  Rendering /home/mmoroney/.rbenv/versions/2.3.3/lib/ruby/gems/2.3.0/gems/devise-4.4.3/app/views/devise/sessions/new.html.erb within layouts/application
  Rendered /home/mmoroney/.rbenv/versions/2.3.3/lib/ruby/gems/2.3.0/gems/devise-4.4.3/app/views/devise/shared/_links.html.erb (0.7ms)
  Rendered /home/mmoroney/.rbenv/versions/2.3.3/lib/ruby/gems/2.3.0/gems/devise-4.4.3/app/views/devise/sessions/new.html.erb within layouts/application (3.3ms)
Completed 200 OK in 21ms (Views: 18.2ms | ActiveRecord: 0.0ms)


Started GET "/users/sign_in" for 127.0.0.1 at 2018-05-23 08:09:01 -0500
Processing by Devise::SessionsController#new as HTML
  Rendering /home/mmoroney/.rbenv/versions/2.3.3/lib/ruby/gems/2.3.0/gems/devise-4.4.3/app/views/devise/sessions/new.html.erb within layouts/application
  Rendered /home/mmoroney/.rbenv/versions/2.3.3/lib/ruby/gems/2.3.0/gems/devise-4.4.3/app/views/devise/shared/_links.html.erb (2.2ms)
  Rendered /home/mmoroney/.rbenv/versions/2.3.3/lib/ruby/gems/2.3.0/gems/devise-4.4.3/app/views/devise/sessions/new.html.erb within layouts/application (8.8ms)
Completed 200 OK in 30ms (Views: 26.4ms | ActiveRecord: 0.0ms)


Started GET "/" for 127.0.0.1 at 2018-05-23 08:09:06 -0500
Processing by IndexController#index as HTML
Completed 401 Unauthorized in 1ms (ActiveRecord: 0.0ms)


Started GET "/users/sign_in" for 127.0.0.1 at 2018-05-23 08:09:06 -0500
Processing by Devise::SessionsController#new as HTML
  Rendering /home/mmoroney/.rbenv/versions/2.3.3/lib/ruby/gems/2.3.0/gems/devise-4.4.3/app/views/devise/sessions/new.html.erb within layouts/application
  Rendered /home/mmoroney/.rbenv/versions/2.3.3/lib/ruby/gems/2.3.0/gems/devise-4.4.3/app/views/devise/shared/_links.html.erb (0.8ms)
  Rendered /home/mmoroney/.rbenv/versions/2.3.3/lib/ruby/gems/2.3.0/gems/devise-4.4.3/app/views/devise/sessions/new.html.erb within layouts/application (3.3ms)
Completed 200 OK in 25ms (Views: 23.6ms | ActiveRecord: 0.0ms)


Started GET "/users/sign_up" for 127.0.0.1 at 2018-05-23 08:09:11 -0500
Processing by Devise::RegistrationsController#new as HTML
  Rendering /home/mmoroney/.rbenv/versions/2.3.3/lib/ruby/gems/2.3.0/gems/devise-4.4.3/app/views/devise/registrations/new.html.erb within layouts/application
  Rendered /home/mmoroney/.rbenv/versions/2.3.3/lib/ruby/gems/2.3.0/gems/devise-4.4.3/app/views/devise/shared/_links.html.erb (4.2ms)
  Rendered /home/mmoroney/.rbenv/versions/2.3.3/lib/ruby/gems/2.3.0/gems/devise-4.4.3/app/views/devise/registrations/new.html.erb within layouts/application (22.2ms)
Completed 200 OK in 69ms (Views: 64.3ms | ActiveRecord: 0.0ms)


Started POST "/users" for 127.0.0.1 at 2018-05-23 08:09:22 -0500
Processing by Devise::RegistrationsController#create as HTML
  Parameters: {"utf8"=>"✓", "authenticity_token"=>"umpeayjCUR+A1GmshboeQxD/4tVnPULwib/QW6lcYAImNoV4e01XvETtFXtydCvEnWimbrQkqw8CLyKEnc+wXA==", "user"=>{"email"=>"tom@tom.com", "password"=>"[FILTERED]", "password_confirmation"=>"[FILTERED]"}, "commit"=>"Sign up"}
  [1m[35m (0.1ms)[0m  [1m[36mbegin transaction[0m
  [1m[36mUser Exists (0.2ms)[0m  [1m[34mSELECT  1 AS one FROM "users" WHERE "users"."email" = ? LIMIT ?[0m  [["email", "tom@tom.com"], ["LIMIT", 1]]
  [1m[35mSQL (0.5ms)[0m  [1m[32mINSERT INTO "users" ("email", "encrypted_password", "created_at", "updated_at") VALUES (?, ?, ?, ?)[0m  [["email", "tom@tom.com"], ["encrypted_password", "$2a$11$viNRkHFLRsqcbEDIpzhORuJNIFHxbaqoC4RT/2HWmm6TnThQdvpbW"], ["created_at", "2018-05-23 13:09:22.540611"], ["updated_at", "2018-05-23 13:09:22.540611"]]
  [1m[35m (5.0ms)[0m  [1m[36mcommit transaction[0m
  [1m[35m (0.1ms)[0m  [1m[36mbegin transaction[0m
  [1m[35mSQL (0.4ms)[0m  [1m[33mUPDATE "users" SET "sign_in_count" = ?, "current_sign_in_at" = ?, "last_sign_in_at" = ?, "current_sign_in_ip" = ?, "last_sign_in_ip" = ?, "updated_at" = ? WHERE "users"."id" = ?[0m  [["sign_in_count", 1], ["current_sign_in_at", "2018-05-23 13:09:22.547986"], ["last_sign_in_at", "2018-05-23 13:09:22.547986"], ["current_sign_in_ip", "127.0.0.1"], ["last_sign_in_ip", "127.0.0.1"], ["updated_at", "2018-05-23 13:09:22.548830"], ["id", 1]]
  [1m[35m (10.6ms)[0m  [1m[36mcommit transaction[0m
Redirected to http://localhost:3000/
Completed 302 Found in 201ms (ActiveRecord: 16.8ms)


Started GET "/" for 127.0.0.1 at 2018-05-23 08:09:22 -0500
Processing by IndexController#index as HTML
  [1m[36mUser Load (0.2ms)[0m  [1m[34mSELECT  "users".* FROM "users" WHERE "users"."id" = ? ORDER BY "users"."id" ASC LIMIT ?[0m  [["id", 1], ["LIMIT", 1]]
  Rendering index/index.html.erb within layouts/application
  Rendered index/index.html.erb within layouts/application (0.3ms)
Completed 200 OK in 12ms (Views: 9.6ms | ActiveRecord: 0.2ms)


Started DELETE "/users/sign_out" for 127.0.0.1 at 2018-05-23 08:09:26 -0500
Processing by Devise::SessionsController#destroy as HTML
  Parameters: {"authenticity_token"=>"+OrIEmJCyA9X9T/hRAKuVkHrMCn2DCBM4h/vmOImOM5M0H0k+XmodTsgCphsmgA3EqeE2rY/cCM4aoE1xVY+1w=="}
  [1m[36mUser Load (0.8ms)[0m  [1m[34mSELECT  "users".* FROM "users" WHERE "users"."id" = ? ORDER BY "users"."id" ASC LIMIT ?[0m  [["id", 1], ["LIMIT", 1]]
  [1m[35m (0.2ms)[0m  [1m[36mbegin transaction[0m
  [1m[35m (0.2ms)[0m  [1m[36mcommit transaction[0m
Redirected to http://localhost:3000/
Completed 302 Found in 18ms (ActiveRecord: 1.2ms)


Started GET "/" for 127.0.0.1 at 2018-05-23 08:09:26 -0500
Processing by IndexController#index as HTML
Completed 401 Unauthorized in 1ms (ActiveRecord: 0.0ms)


Started GET "/users/sign_in" for 127.0.0.1 at 2018-05-23 08:09:26 -0500
Processing by Devise::SessionsController#new as HTML
  Rendering /home/mmoroney/.rbenv/versions/2.3.3/lib/ruby/gems/2.3.0/gems/devise-4.4.3/app/views/devise/sessions/new.html.erb within layouts/application
  Rendered /home/mmoroney/.rbenv/versions/2.3.3/lib/ruby/gems/2.3.0/gems/devise-4.4.3/app/views/devise/shared/_links.html.erb (0.8ms)
  Rendered /home/mmoroney/.rbenv/versions/2.3.3/lib/ruby/gems/2.3.0/gems/devise-4.4.3/app/views/devise/sessions/new.html.erb within layouts/application (4.3ms)
Completed 200 OK in 20ms (Views: 18.6ms | ActiveRecord: 0.0ms)


Started POST "/users/sign_in" for 127.0.0.1 at 2018-05-23 08:09:32 -0500
Processing by Devise::SessionsController#create as HTML
  Parameters: {"utf8"=>"✓", "authenticity_token"=>"dl4wV6j26KDNge5p4BYZYccozHK3athVCOgFi/wEnjC9n0Tv8OIbmuTB76I6fwy9DHRVDhMv98G2KvTwfywB4w==", "user"=>{"email"=>"tom@tom.com", "password"=>"[FILTERED]", "remember_me"=>"0"}, "commit"=>"Log in"}
  [1m[36mUser Load (0.7ms)[0m  [1m[34mSELECT  "users".* FROM "users" WHERE "users"."email" = ? ORDER BY "users"."id" ASC LIMIT ?[0m  [["email", "tom@tom.com"], ["LIMIT", 1]]
  [1m[35m (0.1ms)[0m  [1m[36mbegin transaction[0m
  [1m[35mSQL (1.0ms)[0m  [1m[33mUPDATE "users" SET "current_sign_in_at" = ?, "sign_in_count" = ?, "updated_at" = ? WHERE "users"."id" = ?[0m  [["current_sign_in_at", "2018-05-23 13:09:32.575376"], ["sign_in_count", 2], ["updated_at", "2018-05-23 13:09:32.576080"], ["id", 1]]
  [1m[35m (6.9ms)[0m  [1m[36mcommit transaction[0m
Redirected to http://localhost:3000/
Completed 302 Found in 188ms (ActiveRecord: 8.6ms)


Started GET "/" for 127.0.0.1 at 2018-05-23 08:09:32 -0500
Processing by IndexController#index as HTML
  [1m[36mUser Load (0.2ms)[0m  [1m[34mSELECT  "users".* FROM "users" WHERE "users"."id" = ? ORDER BY "users"."id" ASC LIMIT ?[0m  [["id", 1], ["LIMIT", 1]]
  Rendering index/index.html.erb within layouts/application
  Rendered index/index.html.erb within layouts/application (0.3ms)
Completed 200 OK in 13ms (Views: 11.7ms | ActiveRecord: 0.2ms)


Started DELETE "/users/sign_out" for 127.0.0.1 at 2018-05-23 08:09:33 -0500
Processing by Devise::SessionsController#destroy as HTML
  Parameters: {"authenticity_token"=>"xs+yFL7UcKmZIs+bM+GZSwUVddVoKYMA7rYm0ng60bBcNAIfCBsON2hyZmoqf1QAjfZewrPp0rzlZ3Gs7ld/3Q=="}
  [1m[36mUser Load (0.5ms)[0m  [1m[34mSELECT  "users".* FROM "users" WHERE "users"."id" = ? ORDER BY "users"."id" ASC LIMIT ?[0m  [["id", 1], ["LIMIT", 1]]
  [1m[35m (0.1ms)[0m  [1m[36mbegin transaction[0m
  [1m[35m (0.0ms)[0m  [1m[36mcommit transaction[0m
Redirected to http://localhost:3000/
Completed 302 Found in 4ms (ActiveRecord: 0.6ms)


Started GET "/" for 127.0.0.1 at 2018-05-23 08:09:33 -0500
Processing by IndexController#index as HTML
Completed 401 Unauthorized in 1ms (ActiveRecord: 0.0ms)


Started GET "/users/sign_in" for 127.0.0.1 at 2018-05-23 08:09:33 -0500
Processing by Devise::SessionsController#new as HTML
  Rendering /home/mmoroney/.rbenv/versions/2.3.3/lib/ruby/gems/2.3.0/gems/devise-4.4.3/app/views/devise/sessions/new.html.erb within layouts/application
  Rendered /home/mmoroney/.rbenv/versions/2.3.3/lib/ruby/gems/2.3.0/gems/devise-4.4.3/app/views/devise/shared/_links.html.erb (0.8ms)
  Rendered /home/mmoroney/.rbenv/versions/2.3.3/lib/ruby/gems/2.3.0/gems/devise-4.4.3/app/views/devise/sessions/new.html.erb within layouts/application (3.3ms)
Completed 200 OK in 20ms (Views: 18.5ms | ActiveRecord: 0.0ms)


Started POST "/users/sign_in" for 127.0.0.1 at 2018-05-23 08:09:39 -0500
Processing by Devise::SessionsController#create as HTML
  Parameters: {"utf8"=>"✓", "authenticity_token"=>"K9lK14RJ3XBLtRhi0kTNVGaq5/HGSumZFCtqHnSk1jvuULLepbuZHGogy7GzdrHvNi1a8XnVLXoVhuKi6uu0VQ==", "user"=>{"email"=>"tom@tom.com", "password"=>"[FILTERED]", "remember_me"=>"0"}, "commit"=>"Log in"}
  [1m[36mUser Load (0.8ms)[0m  [1m[34mSELECT  "users".* FROM "users" WHERE "users"."email" = ? ORDER BY "users"."id" ASC LIMIT ?[0m  [["email", "tom@tom.com"], ["LIMIT", 1]]
Completed 401 Unauthorized in 179ms (ActiveRecord: 0.8ms)


Processing by Devise::SessionsController#new as HTML
  Parameters: {"utf8"=>"✓", "authenticity_token"=>"K9lK14RJ3XBLtRhi0kTNVGaq5/HGSumZFCtqHnSk1jvuULLepbuZHGogy7GzdrHvNi1a8XnVLXoVhuKi6uu0VQ==", "user"=>{"email"=>"tom@tom.com", "password"=>"[FILTERED]", "remember_me"=>"0"}, "commit"=>"Log in"}
  Rendering /home/mmoroney/.rbenv/versions/2.3.3/lib/ruby/gems/2.3.0/gems/devise-4.4.3/app/views/devise/sessions/new.html.erb within layouts/application
  Rendered /home/mmoroney/.rbenv/versions/2.3.3/lib/ruby/gems/2.3.0/gems/devise-4.4.3/app/views/devise/shared/_links.html.erb (0.8ms)
  Rendered /home/mmoroney/.rbenv/versions/2.3.3/lib/ruby/gems/2.3.0/gems/devise-4.4.3/app/views/devise/sessions/new.html.erb within layouts/application (5.5ms)
Completed 200 OK in 146ms (Views: 21.0ms | ActiveRecord: 0.0ms)


Started GET "/users/sign_in" for 127.0.0.1 at 2018-05-23 08:09:43 -0500
Processing by Devise::SessionsController#new as HTML
  Rendering /home/mmoroney/.rbenv/versions/2.3.3/lib/ruby/gems/2.3.0/gems/devise-4.4.3/app/views/devise/sessions/new.html.erb within layouts/application
  Rendered /home/mmoroney/.rbenv/versions/2.3.3/lib/ruby/gems/2.3.0/gems/devise-4.4.3/app/views/devise/shared/_links.html.erb (2.0ms)
  Rendered /home/mmoroney/.rbenv/versions/2.3.3/lib/ruby/gems/2.3.0/gems/devise-4.4.3/app/views/devise/sessions/new.html.erb within layouts/application (10.0ms)
Completed 200 OK in 34ms (Views: 30.4ms | ActiveRecord: 0.0ms)


Started GET "/users/sign_up" for 127.0.0.1 at 2018-05-23 08:09:44 -0500
Processing by Devise::RegistrationsController#new as HTML
  Rendering /home/mmoroney/.rbenv/versions/2.3.3/lib/ruby/gems/2.3.0/gems/devise-4.4.3/app/views/devise/registrations/new.html.erb within layouts/application
  Rendered /home/mmoroney/.rbenv/versions/2.3.3/lib/ruby/gems/2.3.0/gems/devise-4.4.3/app/views/devise/shared/_links.html.erb (3.8ms)
  Rendered /home/mmoroney/.rbenv/versions/2.3.3/lib/ruby/gems/2.3.0/gems/devise-4.4.3/app/views/devise/registrations/new.html.erb within layouts/application (16.6ms)
Completed 200 OK in 63ms (Views: 60.8ms | ActiveRecord: 0.0ms)


